2019-09-09T06:37:27+00:00 DEBUG 
====Stripe Version: 4.2.3====
====Start Log====
Keys are not set correctly.
====End Log====


2019-09-09T06:37:27+00:00 DEBUG 
====Stripe Version: 4.2.3====
====Start Log====
Keys are not set correctly.
====End Log====


2019-09-09T06:37:28+00:00 DEBUG 
====Stripe Version: 4.2.3====
====Start Log====
Keys are not set correctly.
====End Log====


2019-09-09T07:32:32+00:00 DEBUG 
====Stripe Version: 4.2.3====
====Start Log====
Keys are not set correctly.
====End Log====


2019-09-09T07:32:33+00:00 DEBUG 
====Stripe Version: 4.2.3====
====Start Log====
Keys are not set correctly.
====End Log====


2019-09-09T07:32:34+00:00 DEBUG 
====Stripe Version: 4.2.3====
====Start Log====
Keys are not set correctly.
====End Log====


2019-09-09T07:37:20+00:00 DEBUG 
====Stripe Version: 4.2.3====
====Start Log====
Keys are not set correctly.
====End Log====


2019-09-09T07:37:21+00:00 DEBUG 
====Stripe Version: 4.2.3====
====Start Log====
Keys are not set correctly.
====End Log====


2019-09-09T07:37:22+00:00 DEBUG 
====Stripe Version: 4.2.3====
====Start Log====
Keys are not set correctly.
====End Log====


