2019-09-08T12:24:44+00:00 DEBUG 
====Stripe Version: 4.2.3====
====Start Log====
Keys are not set correctly.
====End Log====


2019-09-08T12:24:45+00:00 DEBUG 
====Stripe Version: 4.2.3====
====Start Log====
Keys are not set correctly.
====End Log====


2019-09-08T12:24:46+00:00 DEBUG 
====Stripe Version: 4.2.3====
====Start Log====
Keys are not set correctly.
====End Log====


2019-09-08T13:04:54+00:00 DEBUG 
====Stripe Version: 4.2.3====
====Start Log====
Keys are not set correctly.
====End Log====


2019-09-08T13:04:55+00:00 DEBUG 
====Stripe Version: 4.2.3====
====Start Log====
Keys are not set correctly.
====End Log====


2019-09-08T13:17:09+00:00 DEBUG 
====Stripe Version: 4.2.3====
====Start Log====
Keys are not set correctly.
====End Log====


2019-09-08T13:17:10+00:00 DEBUG 
====Stripe Version: 4.2.3====
====Start Log====
Keys are not set correctly.
====End Log====


2019-09-08T13:17:11+00:00 DEBUG 
====Stripe Version: 4.2.3====
====Start Log====
Keys are not set correctly.
====End Log====


2019-09-08T13:17:24+00:00 DEBUG 
====Stripe Version: 4.2.3====
====Start Log====
Keys are not set correctly.
====End Log====


2019-09-08T13:17:26+00:00 DEBUG 
====Stripe Version: 4.2.3====
====Start Log====
Keys are not set correctly.
====End Log====


2019-09-08T13:17:31+00:00 DEBUG 
====Stripe Version: 4.2.3====
====Start Log====
Keys are not set correctly.
====End Log====


2019-09-08T13:17:32+00:00 DEBUG 
====Stripe Version: 4.2.3====
====Start Log====
Keys are not set correctly.
====End Log====


2019-09-08T13:17:33+00:00 DEBUG 
====Stripe Version: 4.2.3====
====Start Log====
Keys are not set correctly.
====End Log====


